[09-04-2025 10:37:36] Datenbankverbindung erfolgreich hergestellt.
[09-04-2025 10:46:09] Aufgabe erfolgreich hinzugefügt: Android
[09-04-2025 10:46:12] Aufgabe erfolgreich hinzugefügt: Mein Name
[09-04-2025 10:48:42] Aufgabe erfolgreich hinzugefügt: Task
[09-04-2025 10:48:47] Aufgabe erfolgreich hinzugefügt: New Task
[09-04-2025 10:48:59] Aufgabe erfolgreich hinzugefügt: Another Task
[09-04-2025 10:49:16] Aufgabe erfolgreich hinzugefügt: button {     padding: 8px 15px;     border: none;     border-radius: 5px;     cursor: pointer;     font-weight: 500;     transition: background-color 0.2s ease, transform 0.1s ease; /* Sanfte Übergänge */ }
[09-04-2025 10:49:21] Aufgabe erfolgreich hinzugefügt: <h1>
[09-04-2025 10:49:36] Aufgabe erfolgreich hinzugefügt: <h1>Test</h1>
[09-04-2025 10:49:46] Aufgabe erfolgreich hinzugefügt: Mein Name
[09-04-2025 10:49:54] Aufgabe erfolgreich hinzugefügt: button {     padding: 8px 15px;     border: none;     border-radius: 5px;     cursor: pointer;     font-weight: 500;     transition: background-color 0.2s ease, transform 0.1s ease; /* Sanfte Übergänge */ }
[09-04-2025 10:52:31] Aufgabe erfolgreich hinzugefügt: Mein Name
[09-04-2025 10:55:50] Aufgabe erfolgreich hinzugefügt: Projekttitel
[09-04-2025 10:55:57] Aufgabe erfolgreich hinzugefügt: Beschreibung
[09-04-2025 11:37:13] Aufgabe erfolgreich hinzugefügt: Cohen
[09-04-2025 11:37:20] Aufgabe erfolgreich hinzugefügt: Mein Aufgabe ist es Zu leben
[09-04-2025 11:44:17] Aufgabe erfolgreich hinzugefügt: Android
[09-04-2025 11:57:22] Aufgabe erfolgreich hinzugefügt: Mein Name
[09-04-2025 12:08:53] Aufgabe erfolgreich hinzugefügt: Cohen
[09-04-2025 12:08:55] Aufgabe erfolgreich hinzugefügt: Mein Aufgabe ist es Zu leben
[09-04-2025 12:09:01] Aufgabe erfolgreich hinzugefügt: Mein Aufgabe ist es Zu leben
[09-04-2025 12:26:35] Aufgabe erfolgreich hinzugefügt: Cohen Dos Santos
